<?xml version="1.0" encoding="UTF-8"?>
<!-- Generated by org.testng.reporters.JUnitXMLReporter -->
<testsuite ignored="0" hostname="wgin-ntb-195" failures="0" tests="5" name="Surefire test" time="9.063" errors="0" timestamp="2023-08-18T17:01:59 IST">
  <testcase classname="com.spotify.oauth2.tests.PlaylistTests" name="ShouldNotBeAbleToCreatePlaylistWithExpiredToken" time="6.935"/>
  <testcase classname="com.spotify.oauth2.tests.PlaylistTests" name="ShouldNotBeAbleToCreatePlaylistWithName" time="8.452"/>
  <testcase classname="com.spotify.oauth2.tests.PlaylistTests" name="ShouldBeAbleToUpdatePlaylist" time="8.501"/>
  <testcase classname="com.spotify.oauth2.tests.PlaylistTests" name="ShouldBeAbleToGetPlaylist" time="8.545"/>
  <testcase classname="com.spotify.oauth2.tests.PlaylistTests" name="ShouldBeAbleToCreatePlaylist" time="8.545"/>
</testsuite> <!-- Surefire test -->
