<?xml version="1.0" encoding="UTF-8"?>
<testsuite xmlns:xsi="http://www.w3.org/2001/XMLSchema-instance" xsi:noNamespaceSchemaLocation="https://maven.apache.org/surefire/maven-surefire-plugin/xsd/surefire-test-report-3.0.xsd" version="3.0" name="com.spotify.oauth2.tests.PlaylistTests" time="14.84" tests="5" errors="0" skipped="0" failures="0">
  <properties>
[...]
</properties>
  <testcase name="ShouldBeAbleToCreatePlaylist" classname="com.spotify.oauth2.tests.PlaylistTests" time="10.782">
    <system-out><![CDATA[Renewing token.....
Request method:	POST
Request URI:	https://accounts.spotify.com/api/token
Proxy:			<none>
Request params:	<none>
Query params:	<none>
Form params:	refresh_token=AQAHu-N1YHsT7nSXUd3_ghSN5gd3TpZVOkADGNRLIm4aNS92vWFS88v4uz2yHHt8JLIeB9zOxcZJZjv5zi-Ka5UjQSX73oX1z7-3NFKv5gq9lwpks-xuwi_yHv-IIGj45vk
				grant_type=refresh_token
				client_secret=9a4ca6727ae04420a8a8e37a8b0a469b
				client_id=6458e437a5414d87a438e1cf7b8b2129
Path params:	<none>
Headers:		Accept=*/*
				Content-Type=application/x-www-form-urlencoded; charset=ISO-8859-1
Cookies:		<none>
Multiparts:		<none>
Body:			<none>
Request method:	POST
Request URI:	https://accounts.spotify.com/api/token
Proxy:			<none>
Request params:	<none>
Query params:	<none>
Form params:	refresh_token=AQAHu-N1YHsT7nSXUd3_ghSN5gd3TpZVOkADGNRLIm4aNS92vWFS88v4uz2yHHt8JLIeB9zOxcZJZjv5zi-Ka5UjQSX73oX1z7-3NFKv5gq9lwpks-xuwi_yHv-IIGj45vk
				grant_type=refresh_token
				client_secret=9a4ca6727ae04420a8a8e37a8b0a469b
				client_id=6458e437a5414d87a438e1cf7b8b2129
Path params:	<none>
Headers:		Accept=*/*
				Content-Type=application/x-www-form-urlencoded; charset=ISO-8859-1
Cookies:		<none>
Multiparts:		<none>
Body:			<none>
HTTP/1.1 200 OK
date: Fri, 18 Aug 2023 05:56:06 GMT
content-type: application/json
vary: Accept-Encoding
set-cookie: __Host-device_id=AQDGV3zeAfRbHi-V2MaOlaeDuZm5STbvqn4jCSdYyDXHzSJaLkVVd-4sT9p9ivSBmt5PFsfQEGxnC2X6KV6VwPBX9KPfZr2IuVI;Version=1;Path=/;Max-Age=2147483647;Secure;HttpOnly;SameSite=Lax
set-cookie: sp_tr=false;Version=1;Domain=accounts.spotify.com;Path=/;Secure;SameSite=Lax
sp-trace-id: 0774f5bf1c5e6344
content-encoding: gzip
x-envoy-upstream-service-time: 50
server: envoy
strict-transport-security: max-age=31536000
x-content-type-options: nosniff
Via: HTTP/2 edgeproxy, 1.1 google
Alt-Svc: h3=":443"; ma=2592000,h3-29=":443"; ma=2592000
Transfer-Encoding: chunked

{
    "access_token": "BQB3IMqNjN2bDqUhAItEgxJh5dvlyccvAu8maxmn6f6JZ0kxLKZp_WSp-4CmMthT8HMhOtC8q9SyFTQ3_BHOqOtUY4Q3pTL3yIEJxkCEO0Zkae-cZP8RM8nP2b6kPtVHG_kUrnbklKL-hBDcB8ZWxpa61CXsnZPwb4lDFdY1V4TmCAODypZREC3v4CQIMzXbjxQi0AtH5Op0hkrfpB8b1Kq_AX2xhqE2ZvRVpQMhtMlW50gjD9FqM2_gw2BpeliaAjqgdqL7t5obz9Vl",
    "token_type": "Bearer",
    "expires_in": 3600,
    "scope": "playlist-read-private playlist-read-collaborative playlist-modify-private playlist-modify-public"
}
Access token is BQB3IMqNjN2bDqUhAItEgxJh5dvlyccvAu8maxmn6f6JZ0kxLKZp_WSp-4CmMthT8HMhOtC8q9SyFTQ3_BHOqOtUY4Q3pTL3yIEJxkCEO0Zkae-cZP8RM8nP2b6kPtVHG_kUrnbklKL-hBDcB8ZWxpa61CXsnZPwb4lDFdY1V4TmCAODypZREC3v4CQIMzXbjxQi0AtH5Op0hkrfpB8b1Kq_AX2xhqE2ZvRVpQMhtMlW50gjD9FqM2_gw2BpeliaAjqgdqL7t5obz9Vl
expiryDurationInSeconds is 3600
Request method:	POST
Request URI:	https://api.spotify.com/v1/users/31lq5fnzg5wzgjoqovue4yeqyh64/playlists
Proxy:			<none>
Request params:	<none>
Query params:	<none>
Form params:	<none>
Path params:	<none>
Headers:		Authorization=Bearer BQB3IMqNjN2bDqUhAItEgxJh5dvlyccvAu8maxmn6f6JZ0kxLKZp_WSp-4CmMthT8HMhOtC8q9SyFTQ3_BHOqOtUY4Q3pTL3yIEJxkCEO0Zkae-cZP8RM8nP2b6kPtVHG_kUrnbklKL-hBDcB8ZWxpa61CXsnZPwb4lDFdY1V4TmCAODypZREC3v4CQIMzXbjxQi0AtH5Op0hkrfpB8b1Kq_AX2xhqE2ZvRVpQMhtMlW50gjD9FqM2_gw2BpeliaAjqgdqL7t5obz9Vl
				Accept=*/*
				Content-Type=application/json
Cookies:		<none>
Multiparts:		<none>
Body:
{
    "description": "New playlist description",
    "name": "New Playlist",
    "public": false
}
HTTP/1.1 201 Created
content-type: application/json; charset=utf-8
cache-control: private, max-age=0
location: https://api.spotify.com/v1/playlists/6EXsYaoLMJseZGCDHH0PFK
x-robots-tag: noindex, nofollow
access-control-allow-origin: *
access-control-allow-headers: Accept, App-Platform, Authorization, Content-Type, Origin, Retry-After, Spotify-App-Version, X-Cloud-Trace-Context, client-token, content-access-token
access-control-allow-methods: GET, POST, OPTIONS, PUT, DELETE, PATCH
access-control-allow-credentials: true
access-control-max-age: 604800
content-encoding: gzip
strict-transport-security: max-age=31536000
x-content-type-options: nosniff
date: Fri, 18 Aug 2023 05:56:10 GMT
server: envoy
Via: HTTP/2 edgeproxy, 1.1 google
Alt-Svc: h3=":443"; ma=2592000,h3-29=":443"; ma=2592000
Transfer-Encoding: chunked

{
    "collaborative": false,
    "description": "New playlist description",
    "external_urls": {
        "spotify": "https://open.spotify.com/playlist/6EXsYaoLMJseZGCDHH0PFK"
    },
    "followers": {
        "href": null,
        "total": 0
    },
    "href": "https://api.spotify.com/v1/playlists/6EXsYaoLMJseZGCDHH0PFK",
    "id": "6EXsYaoLMJseZGCDHH0PFK",
    "images": [
        
    ],
    "name": "New Playlist",
    "owner": {
        "display_name": "Prashant lowanshi",
        "external_urls": {
            "spotify": "https://open.spotify.com/user/31lq5fnzg5wzgjoqovue4yeqyh64"
        },
        "href": "https://api.spotify.com/v1/users/31lq5fnzg5wzgjoqovue4yeqyh64",
        "id": "31lq5fnzg5wzgjoqovue4yeqyh64",
        "type": "user",
        "uri": "spotify:user:31lq5fnzg5wzgjoqovue4yeqyh64"
    },
    "primary_color": null,
    "public": false,
    "snapshot_id": "MSxlNjc4MmM0NGE5ODJiYjc3YzZhMTdmZDIyYjU2YTYyY2FjNzQ0ZDg4",
    "tracks": {
        "href": "https://api.spotify.com/v1/playlists/6EXsYaoLMJseZGCDHH0PFK/tracks",
        "items": [
            
        ],
        "limit": 100,
        "next": null,
        "offset": 0,
        "previous": null,
        "total": 0
    },
    "type": "playlist",
    "uri": "spotify:playlist:6EXsYaoLMJseZGCDHH0PFK"
}
]]></system-out>
    <system-err><![CDATA[SLF4J: Failed to load class "org.slf4j.impl.StaticLoggerBinder".
SLF4J: Defaulting to no-operation (NOP) logger implementation
SLF4J: See http://www.slf4j.org/codes.html#StaticLoggerBinder for further details.
]]></system-err>
  </testcase>
  <testcase name="ShouldBeAbleToGetPlaylist" classname="com.spotify.oauth2.tests.PlaylistTests" time="0.465">
    <system-out><![CDATA[Token is good to use
Request method:	GET
Request URI:	https://api.spotify.com/v1/playlists/15wV9rgnoUCTzTIwqsdy1Z
Proxy:			<none>
Request params:	<none>
Query params:	<none>
Form params:	<none>
Path params:	<none>
Headers:		Authorization=Bearer BQB3IMqNjN2bDqUhAItEgxJh5dvlyccvAu8maxmn6f6JZ0kxLKZp_WSp-4CmMthT8HMhOtC8q9SyFTQ3_BHOqOtUY4Q3pTL3yIEJxkCEO0Zkae-cZP8RM8nP2b6kPtVHG_kUrnbklKL-hBDcB8ZWxpa61CXsnZPwb4lDFdY1V4TmCAODypZREC3v4CQIMzXbjxQi0AtH5Op0hkrfpB8b1Kq_AX2xhqE2ZvRVpQMhtMlW50gjD9FqM2_gw2BpeliaAjqgdqL7t5obz9Vl
				Accept=*/*
				Content-Type=application/json
Cookies:		<none>
Multiparts:		<none>
Body:			<none>
HTTP/1.1 200 OK
content-type: application/json; charset=utf-8
cache-control: public, max-age=0
etag: "MC-ImI3ZTFlZGM2OGQ1N2JiMTRmMDU3ODVmZTNiODQxMzYzIg=="
x-robots-tag: noindex, nofollow
access-control-allow-origin: *
access-control-allow-headers: Accept, App-Platform, Authorization, Content-Type, Origin, Retry-After, Spotify-App-Version, X-Cloud-Trace-Context, client-token, content-access-token
access-control-allow-methods: GET, POST, OPTIONS, PUT, DELETE, PATCH
access-control-allow-credentials: true
access-control-max-age: 604800
content-encoding: gzip
strict-transport-security: max-age=31536000
x-content-type-options: nosniff
date: Fri, 18 Aug 2023 05:56:11 GMT
server: envoy
Via: HTTP/2 edgeproxy, 1.1 google
Alt-Svc: h3=":443"; ma=2592000,h3-29=":443"; ma=2592000
Transfer-Encoding: chunked

{
    "collaborative": false,
    "description": "Updated playlist description",
    "external_urls": {
        "spotify": "https://open.spotify.com/playlist/15wV9rgnoUCTzTIwqsdy1Z"
    },
    "followers": {
        "href": null,
        "total": 0
    },
    "href": "https://api.spotify.com/v1/playlists/15wV9rgnoUCTzTIwqsdy1Z",
    "id": "15wV9rgnoUCTzTIwqsdy1Z",
    "images": [
        
    ],
    "name": "Updated playlist name",
    "owner": {
        "display_name": "Prashant lowanshi",
        "external_urls": {
            "spotify": "https://open.spotify.com/user/31lq5fnzg5wzgjoqovue4yeqyh64"
        },
        "href": "https://api.spotify.com/v1/users/31lq5fnzg5wzgjoqovue4yeqyh64",
        "id": "31lq5fnzg5wzgjoqovue4yeqyh64",
        "type": "user",
        "uri": "spotify:user:31lq5fnzg5wzgjoqovue4yeqyh64"
    },
    "primary_color": null,
    "public": false,
    "snapshot_id": "MTEsZGY3YTZjNDFmMjUwYzhiNWNlZDM4YmU3OTI3ZjQ2ZTM3NmRhNGU3Yw==",
    "tracks": {
        "href": "https://api.spotify.com/v1/playlists/15wV9rgnoUCTzTIwqsdy1Z/tracks?offset=0&limit=100",
        "items": [
            
        ],
        "limit": 100,
        "next": null,
        "offset": 0,
        "previous": null,
        "total": 0
    },
    "type": "playlist",
    "uri": "spotify:playlist:15wV9rgnoUCTzTIwqsdy1Z"
}
]]></system-out>
  </testcase>
  <testcase name="ShouldBeAbleToUpdatePlaylist" classname="com.spotify.oauth2.tests.PlaylistTests" time="0.335">
    <system-out><![CDATA[Token is good to use
Request method:	PUT
Request URI:	https://api.spotify.com/v1/playlists/15wV9rgnoUCTzTIwqsdy1Z
Proxy:			<none>
Request params:	<none>
Query params:	<none>
Form params:	<none>
Path params:	<none>
Headers:		Authorization=Bearer BQB3IMqNjN2bDqUhAItEgxJh5dvlyccvAu8maxmn6f6JZ0kxLKZp_WSp-4CmMthT8HMhOtC8q9SyFTQ3_BHOqOtUY4Q3pTL3yIEJxkCEO0Zkae-cZP8RM8nP2b6kPtVHG_kUrnbklKL-hBDcB8ZWxpa61CXsnZPwb4lDFdY1V4TmCAODypZREC3v4CQIMzXbjxQi0AtH5Op0hkrfpB8b1Kq_AX2xhqE2ZvRVpQMhtMlW50gjD9FqM2_gw2BpeliaAjqgdqL7t5obz9Vl
				Accept=*/*
				Content-Type=application/json
Cookies:		<none>
Multiparts:		<none>
Body:
{
    "description": "Updated playlist description",
    "name": "Updated playlist name",
    "public": false
}
HTTP/1.1 200 OK
cache-control: private, max-age=0
x-robots-tag: noindex, nofollow
access-control-allow-origin: *
access-control-allow-headers: Accept, App-Platform, Authorization, Content-Type, Origin, Retry-After, Spotify-App-Version, X-Cloud-Trace-Context, client-token, content-access-token
access-control-allow-methods: GET, POST, OPTIONS, PUT, DELETE, PATCH
access-control-allow-credentials: true
access-control-max-age: 604800
Content-Length: 0
strict-transport-security: max-age=31536000
x-content-type-options: nosniff
date: Fri, 18 Aug 2023 05:56:11 GMT
server: envoy
Via: HTTP/2 edgeproxy, 1.1 google
Alt-Svc: h3=":443"; ma=2592000,h3-29=":443"; ma=2592000
]]></system-out>
  </testcase>
  <testcase name="ShouldNotBeAbleToCreatePlaylistWithExpiredToken" classname="com.spotify.oauth2.tests.PlaylistTests" time="0.321">
    <system-out><![CDATA[Request method:	POST
Request URI:	https://api.spotify.com/v1/users/31lq5fnzg5wzgjoqovue4yeqyh64/playlists
Proxy:			<none>
Request params:	<none>
Query params:	<none>
Form params:	<none>
Path params:	<none>
Headers:		Authorization=Bearer 12345
				Accept=*/*
				Content-Type=application/json
Cookies:		<none>
Multiparts:		<none>
Body:
{
    "description": "New playlist description",
    "name": "New Playlist",
    "public": false
}
HTTP/1.1 401 Unauthorized
www-authenticate: Bearer realm="spotify", error="invalid_token", error_description="Invalid access token"
access-control-allow-origin: *
access-control-allow-headers: Accept, App-Platform, Authorization, Content-Type, Origin, Retry-After, Spotify-App-Version, X-Cloud-Trace-Context, client-token, content-access-token
access-control-allow-methods: GET, POST, OPTIONS, PUT, DELETE, PATCH
access-control-allow-credentials: true
access-control-max-age: 604800
content-type: application/json
content-encoding: gzip
strict-transport-security: max-age=31536000
x-content-type-options: nosniff
date: Fri, 18 Aug 2023 05:56:11 GMT
server: envoy
Via: HTTP/2 edgeproxy, 1.1 google
Alt-Svc: h3=":443"; ma=2592000,h3-29=":443"; ma=2592000
Transfer-Encoding: chunked

{
    "error": {
        "status": 401,
        "message": "Invalid access token"
    }
}
]]></system-out>
  </testcase>
  <testcase name="ShouldNotBeAbleToCreatePlaylistWithName" classname="com.spotify.oauth2.tests.PlaylistTests" time="0.378">
    <system-out><![CDATA[Token is good to use
Request method:	POST
Request URI:	https://api.spotify.com/v1/users/31lq5fnzg5wzgjoqovue4yeqyh64/playlists
Proxy:			<none>
Request params:	<none>
Query params:	<none>
Form params:	<none>
Path params:	<none>
Headers:		Authorization=Bearer BQB3IMqNjN2bDqUhAItEgxJh5dvlyccvAu8maxmn6f6JZ0kxLKZp_WSp-4CmMthT8HMhOtC8q9SyFTQ3_BHOqOtUY4Q3pTL3yIEJxkCEO0Zkae-cZP8RM8nP2b6kPtVHG_kUrnbklKL-hBDcB8ZWxpa61CXsnZPwb4lDFdY1V4TmCAODypZREC3v4CQIMzXbjxQi0AtH5Op0hkrfpB8b1Kq_AX2xhqE2ZvRVpQMhtMlW50gjD9FqM2_gw2BpeliaAjqgdqL7t5obz9Vl
				Accept=*/*
				Content-Type=application/json
Cookies:		<none>
Multiparts:		<none>
Body:
{
    "description": "New playlist description",
    "name": "",
    "public": false
}
HTTP/1.1 400 Bad Request
content-type: application/json; charset=utf-8
cache-control: private, max-age=0
x-robots-tag: noindex, nofollow
access-control-allow-origin: *
access-control-allow-headers: Accept, App-Platform, Authorization, Content-Type, Origin, Retry-After, Spotify-App-Version, X-Cloud-Trace-Context, client-token, content-access-token
access-control-allow-methods: GET, POST, OPTIONS, PUT, DELETE, PATCH
access-control-allow-credentials: true
access-control-max-age: 604800
content-encoding: gzip
strict-transport-security: max-age=31536000
x-content-type-options: nosniff
date: Fri, 18 Aug 2023 05:56:12 GMT
server: envoy
Via: HTTP/2 edgeproxy, 1.1 google
Alt-Svc: h3=":443"; ma=2592000,h3-29=":443"; ma=2592000
Transfer-Encoding: chunked

{
    "error": {
        "status": 400,
        "message": "Missing required field: name"
    }
}
]]></system-out>
  </testcase>
</testsuite>